Start with 0.0 points.
=================================
5X5, 6X6, first column tests pass
Passed Tests/five-six-first-input.txt

=============================================
Score is now
3.0
8X8, first column tests pass
Passed Tests/eight-first-input.txt

=============================================
Score is now
5.0
6X6, 8X8, single queen tests pass
Passed Tests/six-eight-single-input.txt

=============================================
Score is now
6.0
10X10, single queen tests pass
Passed Tests/ten-single-input.txt

=============================================
Score is now
7.0
Solution has failed on an input. This input is given in your solution folder.
An example output is also given in your directory.Messages from verifier script follows. This should give some description of why your solution is incorrect.
====================================
Input is: 6 2 4 4 1
The output does not have the input queens: 1 4 2 1 3 5 4 2 5 6 6 3 

FAIL

===========================================
Final score
7
